2017-04-02 16:29:00 [-][-][-][error][yii\db\Exception] exception 'PDOException' with message 'SQLSTATE[HY000] [2002] No such file or directory' in /Applications/XAMPP/xamppfiles/htdocs/autonoma/vendor/yiisoft/yii2/db/Connection.php:630
Stack trace:
#0 /Applications/XAMPP/xamppfiles/htdocs/autonoma/vendor/yiisoft/yii2/db/Connection.php(630): PDO->__construct('mysql:host=loca...', 'root', '', NULL)
#1 /Applications/XAMPP/xamppfiles/htdocs/autonoma/vendor/yiisoft/yii2/db/Connection.php(563): yii\db\Connection->createPdoInstance()
#2 /Applications/XAMPP/xamppfiles/htdocs/autonoma/vendor/yiisoft/yii2/db/Connection.php(896): yii\db\Connection->open()
#3 /Applications/XAMPP/xamppfiles/htdocs/autonoma/vendor/yiisoft/yii2/db/Connection.php(883): yii\db\Connection->getMasterPdo()
#4 /Applications/XAMPP/xamppfiles/htdocs/autonoma/vendor/yiisoft/yii2/db/Command.php(219): yii\db\Connection->getSlavePdo()
#5 /Applications/XAMPP/xamppfiles/htdocs/autonoma/vendor/yiisoft/yii2/db/Command.php(896): yii\db\Command->prepare(true)
#6 /Applications/XAMPP/xamppfiles/htdocs/autonoma/vendor/yiisoft/yii2/db/Command.php(362): yii\db\Command->queryInternal('fetchAll', NULL)
#7 /Applications/XAMPP/xamppfiles/htdocs/autonoma/vendor/yiisoft/yii2/db/mysql/Schema.php(199): yii\db\Command->queryAll()
#8 /Applications/XAMPP/xamppfiles/htdocs/autonoma/vendor/yiisoft/yii2/db/mysql/Schema.php(98): yii\db\mysql\Schema->findColumns(Object(yii\db\TableSchema))
#9 /Applications/XAMPP/xamppfiles/htdocs/autonoma/vendor/yiisoft/yii2/db/Schema.php(152): yii\db\mysql\Schema->loadTableSchema('migration')
#10 /Applications/XAMPP/xamppfiles/htdocs/autonoma/vendor/yiisoft/yii2/console/controllers/MigrateController.php(199): yii\db\Schema->getTableSchema('{{%migration}}', true)
#11 /Applications/XAMPP/xamppfiles/htdocs/autonoma/vendor/yiisoft/yii2/console/controllers/BaseMigrateController.php(774): yii\console\controllers\MigrateController->getMigrationHistory(NULL)
#12 /Applications/XAMPP/xamppfiles/htdocs/autonoma/vendor/yiisoft/yii2/console/controllers/BaseMigrateController.php(138): yii\console\controllers\BaseMigrateController->getNewMigrations()
#13 [internal function]: yii\console\controllers\BaseMigrateController->actionUp(0)
#14 /Applications/XAMPP/xamppfiles/htdocs/autonoma/vendor/yiisoft/yii2/base/InlineAction.php(57): call_user_func_array(Array, Array)
#15 /Applications/XAMPP/xamppfiles/htdocs/autonoma/vendor/yiisoft/yii2/base/Controller.php(156): yii\base\InlineAction->runWithParams(Array)
#16 /Applications/XAMPP/xamppfiles/htdocs/autonoma/vendor/yiisoft/yii2/console/Controller.php(128): yii\base\Controller->runAction('', Array)
#17 /Applications/XAMPP/xamppfiles/htdocs/autonoma/vendor/yiisoft/yii2/base/Module.php(523): yii\console\Controller->runAction('', Array)
#18 /Applications/XAMPP/xamppfiles/htdocs/autonoma/vendor/yiisoft/yii2/console/Application.php(180): yii\base\Module->runAction('migrate', Array)
#19 /Applications/XAMPP/xamppfiles/htdocs/autonoma/vendor/yiisoft/yii2/console/Application.php(147): yii\console\Application->runAction('migrate', Array)
#20 /Applications/XAMPP/xamppfiles/htdocs/autonoma/vendor/yiisoft/yii2/base/Application.php(380): yii\console\Application->handleRequest(Object(yii\console\Request))
#21 /Applications/XAMPP/xamppfiles/htdocs/autonoma/yii(27): yii\base\Application->run()
#22 {main}

Next exception 'yii\db\Exception' with message 'SQLSTATE[HY000] [2002] No such file or directory' in /Applications/XAMPP/xamppfiles/htdocs/autonoma/vendor/yiisoft/yii2/db/Connection.php:568
Stack trace:
#0 /Applications/XAMPP/xamppfiles/htdocs/autonoma/vendor/yiisoft/yii2/db/Connection.php(896): yii\db\Connection->open()
#1 /Applications/XAMPP/xamppfiles/htdocs/autonoma/vendor/yiisoft/yii2/db/Connection.php(883): yii\db\Connection->getMasterPdo()
#2 /Applications/XAMPP/xamppfiles/htdocs/autonoma/vendor/yiisoft/yii2/db/Command.php(219): yii\db\Connection->getSlavePdo()
#3 /Applications/XAMPP/xamppfiles/htdocs/autonoma/vendor/yiisoft/yii2/db/Command.php(896): yii\db\Command->prepare(true)
#4 /Applications/XAMPP/xamppfiles/htdocs/autonoma/vendor/yiisoft/yii2/db/Command.php(362): yii\db\Command->queryInternal('fetchAll', NULL)
#5 /Applications/XAMPP/xamppfiles/htdocs/autonoma/vendor/yiisoft/yii2/db/mysql/Schema.php(199): yii\db\Command->queryAll()
#6 /Applications/XAMPP/xamppfiles/htdocs/autonoma/vendor/yiisoft/yii2/db/mysql/Schema.php(98): yii\db\mysql\Schema->findColumns(Object(yii\db\TableSchema))
#7 /Applications/XAMPP/xamppfiles/htdocs/autonoma/vendor/yiisoft/yii2/db/Schema.php(152): yii\db\mysql\Schema->loadTableSchema('migration')
#8 /Applications/XAMPP/xamppfiles/htdocs/autonoma/vendor/yiisoft/yii2/console/controllers/MigrateController.php(199): yii\db\Schema->getTableSchema('{{%migration}}', true)
#9 /Applications/XAMPP/xamppfiles/htdocs/autonoma/vendor/yiisoft/yii2/console/controllers/BaseMigrateController.php(774): yii\console\controllers\MigrateController->getMigrationHistory(NULL)
#10 /Applications/XAMPP/xamppfiles/htdocs/autonoma/vendor/yiisoft/yii2/console/controllers/BaseMigrateController.php(138): yii\console\controllers\BaseMigrateController->getNewMigrations()
#11 [internal function]: yii\console\controllers\BaseMigrateController->actionUp(0)
#12 /Applications/XAMPP/xamppfiles/htdocs/autonoma/vendor/yiisoft/yii2/base/InlineAction.php(57): call_user_func_array(Array, Array)
#13 /Applications/XAMPP/xamppfiles/htdocs/autonoma/vendor/yiisoft/yii2/base/Controller.php(156): yii\base\InlineAction->runWithParams(Array)
#14 /Applications/XAMPP/xamppfiles/htdocs/autonoma/vendor/yiisoft/yii2/console/Controller.php(128): yii\base\Controller->runAction('', Array)
#15 /Applications/XAMPP/xamppfiles/htdocs/autonoma/vendor/yiisoft/yii2/base/Module.php(523): yii\console\Controller->runAction('', Array)
#16 /Applications/XAMPP/xamppfiles/htdocs/autonoma/vendor/yiisoft/yii2/console/Application.php(180): yii\base\Module->runAction('migrate', Array)
#17 /Applications/XAMPP/xamppfiles/htdocs/autonoma/vendor/yiisoft/yii2/console/Application.php(147): yii\console\Application->runAction('migrate', Array)
#18 /Applications/XAMPP/xamppfiles/htdocs/autonoma/vendor/yiisoft/yii2/base/Application.php(380): yii\console\Application->handleRequest(Object(yii\console\Request))
#19 /Applications/XAMPP/xamppfiles/htdocs/autonoma/yii(27): yii\base\Application->run()
#20 {main}
Additional Information:

2017-04-02 16:29:00 [-][-][-][info][application] $_SERVER = [
    'TERM_PROGRAM' => 'Apple_Terminal'
    'SHELL' => '/bin/bash'
    'TERM' => 'xterm-256color'
    'TMPDIR' => '/var/folders/sd/0z36dbxx72l056x2lcm8r9mh0000gn/T/'
    'Apple_PubSub_Socket_Render' => '/private/tmp/com.apple.launchd.tkuGYN8Qby/Render'
    'TERM_PROGRAM_VERSION' => '361.1'
    'OLDPWD' => '/Users/ricardo'
    'TERM_SESSION_ID' => '8341A881-C193-4991-8E68-80D4766BA1EB'
    'USER' => 'ricardo'
    'SSH_AUTH_SOCK' => '/private/tmp/com.apple.launchd.vfmX9aOyoe/Listeners'
    '__CF_USER_TEXT_ENCODING' => '0x1F5:0x0:0x8'
    'PATH' => '/Library/Frameworks/Python.framework/Versions/3.5/bin:/Library/Frameworks/Python.framework/Versions/3.5/bin:/usr/local/bin:/usr/bin:/bin:/usr/sbin:/sbin'
    'PWD' => '/Applications/XAMPP/xamppfiles/htdocs/autonoma'
    'XPC_FLAGS' => '0x0'
    'XPC_SERVICE_NAME' => '0'
    'SHLVL' => '1'
    'HOME' => '/Users/ricardo'
    'LOGNAME' => 'ricardo'
    'LC_CTYPE' => 'UTF-8'
    '_' => '/usr/bin/php'
    'PHP_SELF' => 'yii'
    'SCRIPT_NAME' => 'yii'
    'SCRIPT_FILENAME' => 'yii'
    'PATH_TRANSLATED' => 'yii'
    'DOCUMENT_ROOT' => ''
    'REQUEST_TIME_FLOAT' => 1491150540.7637
    'REQUEST_TIME' => 1491150540
    'argv' => [
        0 => 'yii'
        1 => 'migrate'
        2 => '--migrationPath=@yii/rbac/migrations'
    ]
    'argc' => 3
]
2017-04-02 16:30:06 [-][-][-][error][yii\db\Exception] exception 'PDOException' with message 'SQLSTATE[HY000] [2002] No such file or directory' in /Applications/XAMPP/xamppfiles/htdocs/autonoma/vendor/yiisoft/yii2/db/Connection.php:630
Stack trace:
#0 /Applications/XAMPP/xamppfiles/htdocs/autonoma/vendor/yiisoft/yii2/db/Connection.php(630): PDO->__construct('mysql:host=loca...', 'root', '', NULL)
#1 /Applications/XAMPP/xamppfiles/htdocs/autonoma/vendor/yiisoft/yii2/db/Connection.php(563): yii\db\Connection->createPdoInstance()
#2 /Applications/XAMPP/xamppfiles/htdocs/autonoma/vendor/yiisoft/yii2/db/Connection.php(896): yii\db\Connection->open()
#3 /Applications/XAMPP/xamppfiles/htdocs/autonoma/vendor/yiisoft/yii2/db/Connection.php(883): yii\db\Connection->getMasterPdo()
#4 /Applications/XAMPP/xamppfiles/htdocs/autonoma/vendor/yiisoft/yii2/db/Command.php(219): yii\db\Connection->getSlavePdo()
#5 /Applications/XAMPP/xamppfiles/htdocs/autonoma/vendor/yiisoft/yii2/db/Command.php(896): yii\db\Command->prepare(true)
#6 /Applications/XAMPP/xamppfiles/htdocs/autonoma/vendor/yiisoft/yii2/db/Command.php(362): yii\db\Command->queryInternal('fetchAll', NULL)
#7 /Applications/XAMPP/xamppfiles/htdocs/autonoma/vendor/yiisoft/yii2/db/mysql/Schema.php(199): yii\db\Command->queryAll()
#8 /Applications/XAMPP/xamppfiles/htdocs/autonoma/vendor/yiisoft/yii2/db/mysql/Schema.php(98): yii\db\mysql\Schema->findColumns(Object(yii\db\TableSchema))
#9 /Applications/XAMPP/xamppfiles/htdocs/autonoma/vendor/yiisoft/yii2/db/Schema.php(152): yii\db\mysql\Schema->loadTableSchema('migration')
#10 /Applications/XAMPP/xamppfiles/htdocs/autonoma/vendor/yiisoft/yii2/console/controllers/MigrateController.php(199): yii\db\Schema->getTableSchema('{{%migration}}', true)
#11 /Applications/XAMPP/xamppfiles/htdocs/autonoma/vendor/yiisoft/yii2/console/controllers/BaseMigrateController.php(774): yii\console\controllers\MigrateController->getMigrationHistory(NULL)
#12 /Applications/XAMPP/xamppfiles/htdocs/autonoma/vendor/yiisoft/yii2/console/controllers/BaseMigrateController.php(138): yii\console\controllers\BaseMigrateController->getNewMigrations()
#13 [internal function]: yii\console\controllers\BaseMigrateController->actionUp(0)
#14 /Applications/XAMPP/xamppfiles/htdocs/autonoma/vendor/yiisoft/yii2/base/InlineAction.php(57): call_user_func_array(Array, Array)
#15 /Applications/XAMPP/xamppfiles/htdocs/autonoma/vendor/yiisoft/yii2/base/Controller.php(156): yii\base\InlineAction->runWithParams(Array)
#16 /Applications/XAMPP/xamppfiles/htdocs/autonoma/vendor/yiisoft/yii2/console/Controller.php(128): yii\base\Controller->runAction('', Array)
#17 /Applications/XAMPP/xamppfiles/htdocs/autonoma/vendor/yiisoft/yii2/base/Module.php(523): yii\console\Controller->runAction('', Array)
#18 /Applications/XAMPP/xamppfiles/htdocs/autonoma/vendor/yiisoft/yii2/console/Application.php(180): yii\base\Module->runAction('migrate', Array)
#19 /Applications/XAMPP/xamppfiles/htdocs/autonoma/vendor/yiisoft/yii2/console/Application.php(147): yii\console\Application->runAction('migrate', Array)
#20 /Applications/XAMPP/xamppfiles/htdocs/autonoma/vendor/yiisoft/yii2/base/Application.php(380): yii\console\Application->handleRequest(Object(yii\console\Request))
#21 /Applications/XAMPP/xamppfiles/htdocs/autonoma/yii(27): yii\base\Application->run()
#22 {main}

Next exception 'yii\db\Exception' with message 'SQLSTATE[HY000] [2002] No such file or directory' in /Applications/XAMPP/xamppfiles/htdocs/autonoma/vendor/yiisoft/yii2/db/Connection.php:568
Stack trace:
#0 /Applications/XAMPP/xamppfiles/htdocs/autonoma/vendor/yiisoft/yii2/db/Connection.php(896): yii\db\Connection->open()
#1 /Applications/XAMPP/xamppfiles/htdocs/autonoma/vendor/yiisoft/yii2/db/Connection.php(883): yii\db\Connection->getMasterPdo()
#2 /Applications/XAMPP/xamppfiles/htdocs/autonoma/vendor/yiisoft/yii2/db/Command.php(219): yii\db\Connection->getSlavePdo()
#3 /Applications/XAMPP/xamppfiles/htdocs/autonoma/vendor/yiisoft/yii2/db/Command.php(896): yii\db\Command->prepare(true)
#4 /Applications/XAMPP/xamppfiles/htdocs/autonoma/vendor/yiisoft/yii2/db/Command.php(362): yii\db\Command->queryInternal('fetchAll', NULL)
#5 /Applications/XAMPP/xamppfiles/htdocs/autonoma/vendor/yiisoft/yii2/db/mysql/Schema.php(199): yii\db\Command->queryAll()
#6 /Applications/XAMPP/xamppfiles/htdocs/autonoma/vendor/yiisoft/yii2/db/mysql/Schema.php(98): yii\db\mysql\Schema->findColumns(Object(yii\db\TableSchema))
#7 /Applications/XAMPP/xamppfiles/htdocs/autonoma/vendor/yiisoft/yii2/db/Schema.php(152): yii\db\mysql\Schema->loadTableSchema('migration')
#8 /Applications/XAMPP/xamppfiles/htdocs/autonoma/vendor/yiisoft/yii2/console/controllers/MigrateController.php(199): yii\db\Schema->getTableSchema('{{%migration}}', true)
#9 /Applications/XAMPP/xamppfiles/htdocs/autonoma/vendor/yiisoft/yii2/console/controllers/BaseMigrateController.php(774): yii\console\controllers\MigrateController->getMigrationHistory(NULL)
#10 /Applications/XAMPP/xamppfiles/htdocs/autonoma/vendor/yiisoft/yii2/console/controllers/BaseMigrateController.php(138): yii\console\controllers\BaseMigrateController->getNewMigrations()
#11 [internal function]: yii\console\controllers\BaseMigrateController->actionUp(0)
#12 /Applications/XAMPP/xamppfiles/htdocs/autonoma/vendor/yiisoft/yii2/base/InlineAction.php(57): call_user_func_array(Array, Array)
#13 /Applications/XAMPP/xamppfiles/htdocs/autonoma/vendor/yiisoft/yii2/base/Controller.php(156): yii\base\InlineAction->runWithParams(Array)
#14 /Applications/XAMPP/xamppfiles/htdocs/autonoma/vendor/yiisoft/yii2/console/Controller.php(128): yii\base\Controller->runAction('', Array)
#15 /Applications/XAMPP/xamppfiles/htdocs/autonoma/vendor/yiisoft/yii2/base/Module.php(523): yii\console\Controller->runAction('', Array)
#16 /Applications/XAMPP/xamppfiles/htdocs/autonoma/vendor/yiisoft/yii2/console/Application.php(180): yii\base\Module->runAction('migrate', Array)
#17 /Applications/XAMPP/xamppfiles/htdocs/autonoma/vendor/yiisoft/yii2/console/Application.php(147): yii\console\Application->runAction('migrate', Array)
#18 /Applications/XAMPP/xamppfiles/htdocs/autonoma/vendor/yiisoft/yii2/base/Application.php(380): yii\console\Application->handleRequest(Object(yii\console\Request))
#19 /Applications/XAMPP/xamppfiles/htdocs/autonoma/yii(27): yii\base\Application->run()
#20 {main}
Additional Information:

2017-04-02 16:30:06 [-][-][-][info][application] $_SERVER = [
    'TERM_PROGRAM' => 'Apple_Terminal'
    'SHELL' => '/bin/bash'
    'TERM' => 'xterm-256color'
    'TMPDIR' => '/var/folders/sd/0z36dbxx72l056x2lcm8r9mh0000gn/T/'
    'Apple_PubSub_Socket_Render' => '/private/tmp/com.apple.launchd.tkuGYN8Qby/Render'
    'TERM_PROGRAM_VERSION' => '361.1'
    'OLDPWD' => '/Users/ricardo'
    'TERM_SESSION_ID' => '8341A881-C193-4991-8E68-80D4766BA1EB'
    'USER' => 'ricardo'
    'SSH_AUTH_SOCK' => '/private/tmp/com.apple.launchd.vfmX9aOyoe/Listeners'
    '__CF_USER_TEXT_ENCODING' => '0x1F5:0x0:0x8'
    'PATH' => '/Library/Frameworks/Python.framework/Versions/3.5/bin:/Library/Frameworks/Python.framework/Versions/3.5/bin:/usr/local/bin:/usr/bin:/bin:/usr/sbin:/sbin'
    'PWD' => '/Applications/XAMPP/xamppfiles/htdocs/autonoma'
    'XPC_FLAGS' => '0x0'
    'XPC_SERVICE_NAME' => '0'
    'SHLVL' => '1'
    'HOME' => '/Users/ricardo'
    'LOGNAME' => 'ricardo'
    'LC_CTYPE' => 'UTF-8'
    '_' => '/usr/bin/php'
    'PHP_SELF' => 'yii'
    'SCRIPT_NAME' => 'yii'
    'SCRIPT_FILENAME' => 'yii'
    'PATH_TRANSLATED' => 'yii'
    'DOCUMENT_ROOT' => ''
    'REQUEST_TIME_FLOAT' => 1491150606.6352
    'REQUEST_TIME' => 1491150606
    'argv' => [
        0 => 'yii'
        1 => 'migrate'
    ]
    'argc' => 2
]
